<?xml version="1.0" encoding="UTF-8"?>
<testsuite xmlns:xsi="http://www.w3.org/2001/XMLSchema-instance" xsi:noNamespaceSchemaLocation="https://maven.apache.org/surefire/maven-surefire-plugin/xsd/surefire-test-report.xsd" name="notification.NotificationTest" time="0.093" tests="5" errors="0" skipped="0" failures="0">
  <properties>
[...]
</properties>
  <testcase name="adicionandoNotificacoes" classname="notification.NotificationTest" time="0.047"/>
  <testcase name="validandoListaSemNotificacoes" classname="notification.NotificationTest" time="0"/>
  <testcase name="adicionandoNotificacaoPorPropredade" classname="notification.NotificationTest" time="0"/>
  <testcase name="adicionandoNotificacoesPelaClasseNotification" classname="notification.NotificationTest" time="0"/>
  <testcase name="adicionandoNotificacaoPelaClasseNotification" classname="notification.NotificationTest" time="0.031"/>
</testsuite>