<?xml version="1.0" encoding="UTF-8"?>
<testsuite xmlns:xsi="http://www.w3.org/2001/XMLSchema-instance" xsi:noNamespaceSchemaLocation="https://maven.apache.org/surefire/maven-surefire-plugin/xsd/surefire-test-report.xsd" name="validations.FloatContractTests" time="0.023" tests="47" errors="0" skipped="0" failures="0">
  <properties>
[...]
</properties>
  <testcase name="isLowerOrEqualsThan_float{Float}[1]" classname="validations.FloatContractTests" time="0"/>
  <testcase name="isLowerOrEqualsThan_float{Float}[2]" classname="validations.FloatContractTests" time="0"/>
  <testcase name="isLowerThan_double{double}[1]" classname="validations.FloatContractTests" time="0"/>
  <testcase name="isLowerThan_double{double}[2]" classname="validations.FloatContractTests" time="0"/>
  <testcase name="isGreaterThan_long" classname="validations.FloatContractTests" time="0"/>
  <testcase name="isEquals_float" classname="validations.FloatContractTests" time="0"/>
  <testcase name="isNotEquals_float" classname="validations.FloatContractTests" time="0"/>
  <testcase name="isNotEquals_double" classname="validations.FloatContractTests" time="0"/>
  <testcase name="isLowerOrEqualsThan_int" classname="validations.FloatContractTests" time="0"/>
  <testcase name="isLowerOrEqualsThan_int{int}[1]" classname="validations.FloatContractTests" time="0"/>
  <testcase name="isLowerOrEqualsThan_int{int}[2]" classname="validations.FloatContractTests" time="0.001"/>
  <testcase name="isLowerOrEqualsThan{Double}[1]" classname="validations.FloatContractTests" time="0"/>
  <testcase name="isLowerOrEqualsThan{Double}[2]" classname="validations.FloatContractTests" time="0"/>
  <testcase name="isNullOrNullable" classname="validations.FloatContractTests" time="0"/>
  <testcase name="isGreaterOrEqualsThan_double{double}[1]" classname="validations.FloatContractTests" time="0"/>
  <testcase name="isGreaterOrEqualsThan_double{double}[2]" classname="validations.FloatContractTests" time="0"/>
  <testcase name="isNotEquals_Long" classname="validations.FloatContractTests" time="0"/>
  <testcase name="isBetween" classname="validations.FloatContractTests" time="0"/>
  <testcase name="isLowerOrEqualsThan_Long{long}[1]" classname="validations.FloatContractTests" time="0"/>
  <testcase name="isLowerOrEqualsThan_Long{long}[2]" classname="validations.FloatContractTests" time="0"/>
  <testcase name="isEquals" classname="validations.FloatContractTests" time="0.001"/>
  <testcase name="isGreaterThan" classname="validations.FloatContractTests" time="0"/>
  <testcase name="isGreaterOrEqualsThan_int{int}[1]" classname="validations.FloatContractTests" time="0"/>
  <testcase name="isGreaterOrEqualsThan_int{int}[2]" classname="validations.FloatContractTests" time="0"/>
  <testcase name="isGreaterOrEqualsThan_long{long}[1]" classname="validations.FloatContractTests" time="0"/>
  <testcase name="isGreaterOrEqualsThan_long{long}[2]" classname="validations.FloatContractTests" time="0"/>
  <testcase name="isGreaterThan_double" classname="validations.FloatContractTests" time="0"/>
  <testcase name="isLowerOrEqualsThan_double{Double}[1]" classname="validations.FloatContractTests" time="0"/>
  <testcase name="isLowerOrEqualsThan_double{Double}[2]" classname="validations.FloatContractTests" time="0"/>
  <testcase name="isGreaterThan_int" classname="validations.FloatContractTests" time="0"/>
  <testcase name="isGreaterOrEqualsThan_float{float}[1]" classname="validations.FloatContractTests" time="0"/>
  <testcase name="isGreaterOrEqualsThan_float{float}[2]" classname="validations.FloatContractTests" time="0"/>
  <testcase name="isGreaterThan_float" classname="validations.FloatContractTests" time="0"/>
  <testcase name="isLowerThan_Long{long}[1]" classname="validations.FloatContractTests" time="0"/>
  <testcase name="isLowerThan_Long{long}[2]" classname="validations.FloatContractTests" time="0"/>
  <testcase name="isEquals_double" classname="validations.FloatContractTests" time="0"/>
  <testcase name="isLowerThan{double}[1]" classname="validations.FloatContractTests" time="0"/>
  <testcase name="isLowerThan{double}[2]" classname="validations.FloatContractTests" time="0"/>
  <testcase name="isLowerThan_int{int}[1]" classname="validations.FloatContractTests" time="0"/>
  <testcase name="isLowerThan_int{int}[2]" classname="validations.FloatContractTests" time="0.001"/>
  <testcase name="isNotEquals_int" classname="validations.FloatContractTests" time="0"/>
  <testcase name="isGreaterOrEqualsThan{double}[1]" classname="validations.FloatContractTests" time="0.001"/>
  <testcase name="isGreaterOrEqualsThan{double}[2]" classname="validations.FloatContractTests" time="0"/>
  <testcase name="isLowerThan_float{float}[1]" classname="validations.FloatContractTests" time="0"/>
  <testcase name="isLowerThan_float{float}[2]" classname="validations.FloatContractTests" time="0.005"/>
  <testcase name="isEquals_Long" classname="validations.FloatContractTests" time="0"/>
  <testcase name="isNotEquals" classname="validations.FloatContractTests" time="0.001"/>
</testsuite>